<?xml version="1.0" encoding="utf-8"?>
<CoverageSession xmlns:xsd="http://www.w3.org/2001/XMLSchema" xmlns:xsi="http://www.w3.org/2001/XMLSchema-instance">
  <Summary numSequencePoints="0" visitedSequencePoints="0" numBranchPoints="0" visitedBranchPoints="0" sequenceCoverage="0" branchCoverage="0" maxCyclomaticComplexity="0" minCyclomaticComplexity="0" visitedClasses="0" numClasses="0" visitedMethods="0" numMethods="0" />
  <Modules>
    <Module skippedDueTo="Filter" hash="04-7D-5C-C6-C3-11-D8-F7-A7-7B-84-9E-EF-FF-50-78-5E-47-DF-60">
      <ModulePath>C:\Program Files\dotnet\shared\Microsoft.NETCore.App\1.1.1\System.Private.CoreLib.ni.dll</ModulePath>
      <ModuleTime>2017-02-10T04:37:52Z</ModuleTime>
      <ModuleName>System.Private.CoreLib</ModuleName>
      <Classes />
    </Module>
    <Module skippedDueTo="Filter" hash="EB-38-40-A2-4E-A2-20-C1-4E-EE-7F-08-09-BD-98-0A-B5-A3-67-2B">
      <ModulePath>C:\Program Files\dotnet\sdk\1.0.0\dotnet.dll</ModulePath>
      <ModuleTime>2017-02-25T03:12:00Z</ModuleTime>
      <ModuleName>dotnet</ModuleName>
      <Classes />
    </Module>
    <Module skippedDueTo="Filter" hash="F1-50-99-8F-96-03-53-60-56-BB-33-F9-8F-0A-F4-12-C2-6B-2B-2B">
      <ModulePath>C:\Program Files\dotnet\shared\Microsoft.NETCore.App\1.1.1\System.Runtime.dll</ModulePath>
      <ModuleTime>2017-02-10T04:37:22Z</ModuleTime>
      <ModuleName>System.Runtime</ModuleName>
      <Classes />
    </Module>
    <Module skippedDueTo="Filter" hash="4F-57-B1-DA-12-6E-E4-14-D0-F4-E3-6B-40-B0-6B-0B-E4-2C-29-33">
      <ModulePath>C:\Program Files\dotnet\shared\Microsoft.NETCore.App\1.1.1\mscorlib.dll</ModulePath>
      <ModuleTime>2017-02-09T10:11:22Z</ModuleTime>
      <ModuleName>mscorlib</ModuleName>
      <Classes />
    </Module>
    <Module skippedDueTo="Filter" hash="D4-FE-29-D1-6F-69-C6-6F-D7-D2-1D-0D-41-03-70-23-0E-DE-C5-CB">
      <ModulePath>C:\Program Files\dotnet\sdk\1.0.0\Microsoft.DotNet.Cli.Utils.dll</ModulePath>
      <ModuleTime>2017-02-25T03:12:02Z</ModuleTime>
      <ModuleName>Microsoft.DotNet.Cli.Utils</ModuleName>
      <Classes />
    </Module>
    <Module skippedDueTo="Filter" hash="C8-A8-E9-BF-B2-71-33-30-7F-C0-1E-C4-1B-FB-89-95-FC-BD-63-59">
      <ModulePath>C:\Program Files\dotnet\shared\Microsoft.NETCore.App\1.1.1\System.Runtime.Extensions.dll</ModulePath>
      <ModuleTime>2017-02-10T04:37:30Z</ModuleTime>
      <ModuleName>System.Runtime.Extensions</ModuleName>
      <Classes />
    </Module>
    <Module skippedDueTo="Filter" hash="76-58-64-70-63-64-F3-AB-3B-31-01-3D-36-48-E5-71-99-44-6B-DE">
      <ModulePath>C:\Program Files\dotnet\shared\Microsoft.NETCore.App\1.1.1\System.Runtime.InteropServices.RuntimeInformation.dll</ModulePath>
      <ModuleTime>2017-02-10T04:37:20Z</ModuleTime>
      <ModuleName>System.Runtime.InteropServices.RuntimeInformation</ModuleName>
      <Classes />
    </Module>
    <Module skippedDueTo="Filter" hash="95-67-9C-94-81-13-6D-22-92-3A-65-A6-19-55-82-2C-B0-F5-9D-62">
      <ModulePath>C:\Program Files\dotnet\shared\Microsoft.NETCore.App\1.1.1\System.Reflection.Extensions.dll</ModulePath>
      <ModuleTime>2017-02-10T04:37:16Z</ModuleTime>
      <ModuleName>System.Reflection.Extensions</ModuleName>
      <Classes />
    </Module>
    <Module skippedDueTo="Filter" hash="87-C2-BC-EE-DD-8B-0E-07-0C-4A-CC-8E-5B-C2-11-BC-49-8A-3F-18">
      <ModulePath>C:\Program Files\dotnet\shared\Microsoft.NETCore.App\1.1.1\System.Reflection.dll</ModulePath>
      <ModuleTime>2017-02-10T04:37:28Z</ModuleTime>
      <ModuleName>System.Reflection</ModuleName>
      <Classes />
    </Module>
    <Module skippedDueTo="Filter" hash="5B-32-45-C9-65-92-52-4F-D0-80-59-9D-39-25-AE-05-B2-FA-0D-0D">
      <ModulePath>C:\Program Files\dotnet\sdk\1.0.0\Microsoft.DotNet.PlatformAbstractions.dll</ModulePath>
      <ModuleTime>2017-02-25T03:12:02Z</ModuleTime>
      <ModuleName>Microsoft.DotNet.PlatformAbstractions</ModuleName>
      <Classes />
    </Module>
    <Module skippedDueTo="Filter" hash="32-63-E6-06-7B-79-A4-86-DB-05-C9-58-44-0B-43-66-35-5E-09-D1">
      <ModulePath>C:\Program Files\dotnet\shared\Microsoft.NETCore.App\1.1.1\System.Runtime.InteropServices.dll</ModulePath>
      <ModuleTime>2017-02-10T04:37:14Z</ModuleTime>
      <ModuleName>System.Runtime.InteropServices</ModuleName>
      <Classes />
    </Module>
    <Module skippedDueTo="Filter" hash="BD-3F-16-31-E8-FA-5B-3F-7D-54-9F-68-E4-97-0E-88-C5-52-63-03">
      <ModulePath>C:\Program Files\dotnet\shared\Microsoft.NETCore.App\1.1.1\System.IO.FileSystem.dll</ModulePath>
      <ModuleTime>2017-02-10T04:37:20Z</ModuleTime>
      <ModuleName>System.IO.FileSystem</ModuleName>
      <Classes />
    </Module>
    <Module skippedDueTo="Filter" hash="BF-B2-E8-F0-13-43-69-C4-4B-79-5C-73-1A-E7-BB-D2-BA-9A-38-6C">
      <ModulePath>C:\Program Files\dotnet\shared\Microsoft.NETCore.App\1.1.1\System.IO.FileSystem.Primitives.dll</ModulePath>
      <ModuleTime>2017-02-10T04:37:18Z</ModuleTime>
      <ModuleName>System.IO.FileSystem.Primitives</ModuleName>
      <Classes />
    </Module>
    <Module skippedDueTo="Filter" hash="E8-E1-75-35-31-53-6E-42-52-EC-88-ED-F0-CA-28-DC-12-CB-1E-A8">
      <ModulePath>C:\Program Files\dotnet\shared\Microsoft.NETCore.App\1.1.1\System.Runtime.Loader.dll</ModulePath>
      <ModuleTime>2017-02-10T04:37:28Z</ModuleTime>
      <ModuleName>System.Runtime.Loader</ModuleName>
      <Classes />
    </Module>
    <Module skippedDueTo="Filter" hash="72-6C-F7-E4-07-D7-A8-4A-6A-55-BB-CB-F7-8F-E0-A3-52-DD-02-4B">
      <ModulePath>C:\Program Files\dotnet\sdk\1.0.0\runtimes\win\lib\netstandard1.3\System.Text.Encoding.CodePages.dll</ModulePath>
      <ModuleTime>2017-02-25T03:12:10Z</ModuleTime>
      <ModuleName>System.Text.Encoding.CodePages</ModuleName>
      <Classes />
    </Module>
    <Module skippedDueTo="Filter" hash="A3-21-80-4F-25-22-6A-D2-1C-D8-C8-AA-3B-8C-46-7A-96-34-B3-ED">
      <ModulePath>C:\Program Files\dotnet\shared\Microsoft.NETCore.App\1.1.1\System.Text.Encoding.dll</ModulePath>
      <ModuleTime>2017-02-10T04:37:30Z</ModuleTime>
      <ModuleName>System.Text.Encoding</ModuleName>
      <Classes />
    </Module>
    <Module skippedDueTo="Filter" hash="2C-1E-1E-95-53-33-D8-74-6B-8E-AF-3C-61-95-B8-EC-A6-46-54-1E">
      <ModulePath>C:\Program Files\dotnet\shared\Microsoft.NETCore.App\1.1.1\System.Collections.dll</ModulePath>
      <ModuleTime>2017-02-10T04:37:10Z</ModuleTime>
      <ModuleName>System.Collections</ModuleName>
      <Classes />
    </Module>
    <Module skippedDueTo="Filter" hash="F9-14-54-02-CA-B5-AF-BC-4F-38-1D-43-F9-AF-3F-0B-B1-16-49-5F">
      <ModulePath>C:\Program Files\dotnet\shared\Microsoft.NETCore.App\1.1.1\System.Threading.dll</ModulePath>
      <ModuleTime>2017-02-10T04:37:26Z</ModuleTime>
      <ModuleName>System.Threading</ModuleName>
      <Classes />
    </Module>
    <Module skippedDueTo="Filter" hash="36-8E-C6-B7-20-CB-EC-EC-39-0B-DA-12-20-31-C7-6A-CB-C5-5B-56">
      <ModulePath>C:\Program Files\dotnet\shared\Microsoft.NETCore.App\1.1.1\System.Collections.Concurrent.dll</ModulePath>
      <ModuleTime>2017-02-10T04:37:02Z</ModuleTime>
      <ModuleName>System.Collections.Concurrent</ModuleName>
      <Classes />
    </Module>
    <Module skippedDueTo="Filter" hash="08-D3-E6-62-C3-C9-E4-EF-2C-38-38-AD-F2-BA-C8-30-CE-4F-6F-D5">
      <ModulePath>C:\Program Files\dotnet\shared\Microsoft.NETCore.App\1.1.1\System.Threading.Thread.dll</ModulePath>
      <ModuleTime>2017-02-10T04:37:16Z</ModuleTime>
      <ModuleName>System.Threading.Thread</ModuleName>
      <Classes />
    </Module>
    <Module skippedDueTo="Filter" hash="DF-12-DE-C2-6F-C6-21-47-CB-C7-6B-67-B8-C4-A2-90-A2-9B-51-D8">
      <ModulePath>C:\Program Files\dotnet\shared\Microsoft.NETCore.App\1.1.1\System.Diagnostics.Process.dll</ModulePath>
      <ModuleTime>2017-02-10T04:37:14Z</ModuleTime>
      <ModuleName>System.Diagnostics.Process</ModuleName>
      <Classes />
    </Module>
    <Module skippedDueTo="Filter" hash="15-C1-41-18-C8-E4-89-59-A0-09-9F-98-5F-88-93-94-3A-F4-0F-5F">
      <ModulePath>C:\Program Files\dotnet\shared\Microsoft.NETCore.App\1.1.1\System.Linq.dll</ModulePath>
      <ModuleTime>2017-02-10T04:37:12Z</ModuleTime>
      <ModuleName>System.Linq</ModuleName>
      <Classes />
    </Module>
    <Module skippedDueTo="Filter" hash="85-A8-51-B2-88-5C-56-EF-A3-B6-6E-74-5E-5E-22-62-52-48-DE-56">
      <ModulePath>C:\Program Files\dotnet\sdk\1.0.0\Microsoft.DotNet.Configurer.dll</ModulePath>
      <ModuleTime>2017-02-25T03:12:02Z</ModuleTime>
      <ModuleName>Microsoft.DotNet.Configurer</ModuleName>
      <Classes />
    </Module>
    <Module skippedDueTo="Filter" hash="EF-D2-BA-54-C1-B2-3B-14-25-1B-B1-4D-95-90-CB-2F-2C-1D-57-05">
      <ModulePath>C:\Program Files\dotnet\sdk\1.0.0\Microsoft.DotNet.InternalAbstractions.dll</ModulePath>
      <ModuleTime>2017-02-25T03:12:02Z</ModuleTime>
      <ModuleName>Microsoft.DotNet.InternalAbstractions</ModuleName>
      <Classes />
    </Module>
    <Module skippedDueTo="Filter" hash="BD-D2-9A-ED-40-76-3F-D3-69-77-5D-51-15-57-0B-5A-D3-BD-01-97">
      <ModulePath>C:\Program Files\dotnet\sdk\1.0.0\NuGet.Configuration.dll</ModulePath>
      <ModuleTime>2017-02-25T03:12:06Z</ModuleTime>
      <ModuleName>NuGet.Configuration</ModuleName>
      <Classes />
    </Module>
    <Module skippedDueTo="Filter" hash="F9-19-27-A9-29-73-AF-BF-AE-00-42-15-2C-A8-12-41-9D-94-3E-80">
      <ModulePath>C:\Program Files\dotnet\sdk\1.0.0\NuGet.Common.dll</ModulePath>
      <ModuleTime>2017-02-25T03:12:06Z</ModuleTime>
      <ModuleName>NuGet.Common</ModuleName>
      <Classes />
    </Module>
    <Module skippedDueTo="Filter" hash="68-6F-BC-3F-8F-BD-2B-BC-78-CA-73-7F-E4-C6-B0-D3-52-DC-0D-A2">
      <ModulePath>C:\Program Files\dotnet\shared\Microsoft.NETCore.App\1.1.1\System.IO.dll</ModulePath>
      <ModuleTime>2017-02-10T04:37:28Z</ModuleTime>
      <ModuleName>System.IO</ModuleName>
      <Classes />
    </Module>
    <Module skippedDueTo="Filter" hash="F6-FC-F8-81-D4-06-82-2D-85-A8-59-21-7D-6D-4D-55-5B-A9-87-80">
      <ModulePath>C:\Program Files\dotnet\shared\Microsoft.NETCore.App\1.1.1\System.Threading.Tasks.dll</ModulePath>
      <ModuleTime>2017-02-10T04:37:28Z</ModuleTime>
      <ModuleName>System.Threading.Tasks</ModuleName>
      <Classes />
    </Module>
    <Module skippedDueTo="Filter" hash="AA-84-5B-28-2E-F2-96-18-9B-A2-48-45-26-BF-08-BE-51-81-C7-AE">
      <ModulePath>C:\Program Files\dotnet\shared\Microsoft.NETCore.App\1.1.1\System.Runtime.Handles.dll</ModulePath>
      <ModuleTime>2017-02-10T04:37:28Z</ModuleTime>
      <ModuleName>System.Runtime.Handles</ModuleName>
      <Classes />
    </Module>
    <Module skippedDueTo="Filter" hash="9A-89-A8-26-39-89-2D-9D-F1-BA-AF-10-24-E8-F2-67-00-A9-A9-23">
      <ModulePath>C:\Program Files\dotnet\sdk\1.0.0\NuGet.Frameworks.dll</ModulePath>
      <ModuleTime>2017-02-25T03:12:06Z</ModuleTime>
      <ModuleName>NuGet.Frameworks</ModuleName>
      <Classes />
    </Module>
    <Module skippedDueTo="Filter" hash="AB-8D-ED-9A-67-AD-C1-49-AC-45-E6-FE-52-68-17-A3-81-6F-9B-A7">
      <ModulePath>C:\Program Files\dotnet\sdk\1.0.0\Microsoft.ApplicationInsights.dll</ModulePath>
      <ModuleTime>2017-02-25T03:12:00Z</ModuleTime>
      <ModuleName>Microsoft.ApplicationInsights</ModuleName>
      <Classes />
    </Module>
    <Module skippedDueTo="Filter" hash="A8-28-75-19-63-D9-35-C7-F4-FE-95-71-A6-72-7C-00-2B-E3-5D-13">
      <ModulePath>C:\Program Files\dotnet\shared\Microsoft.NETCore.App\1.1.1\System.Text.RegularExpressions.dll</ModulePath>
      <ModuleTime>2017-02-10T04:37:22Z</ModuleTime>
      <ModuleName>System.Text.RegularExpressions</ModuleName>
      <Classes />
    </Module>
    <Module skippedDueTo="Filter" hash="AB-8D-3C-56-B3-67-8F-A0-6C-7A-A1-FA-C2-8D-50-1C-CD-59-ED-E7">
      <ModulePath>C:\Program Files\dotnet\shared\Microsoft.NETCore.App\1.1.1\System.Globalization.dll</ModulePath>
      <ModuleTime>2017-02-10T04:37:02Z</ModuleTime>
      <ModuleName>System.Globalization</ModuleName>
      <Classes />
    </Module>
    <Module skippedDueTo="Filter" hash="46-E9-0D-A8-BE-24-FD-7E-2E-7F-FF-7E-8B-22-B0-B5-63-A3-44-79">
      <ModulePath>C:\Program Files\dotnet\shared\Microsoft.NETCore.App\1.1.1\System.Xml.XDocument.dll</ModulePath>
      <ModuleTime>2017-02-10T04:37:18Z</ModuleTime>
      <ModuleName>System.Xml.XDocument</ModuleName>
      <Classes />
    </Module>
    <Module skippedDueTo="Filter" hash="3E-66-16-64-26-3C-87-1E-74-15-0C-FF-2D-4C-EF-E3-CB-8D-D1-06">
      <ModulePath>C:\Program Files\dotnet\shared\Microsoft.NETCore.App\1.1.1\System.Diagnostics.Tracing.dll</ModulePath>
      <ModuleTime>2017-02-10T04:37:04Z</ModuleTime>
      <ModuleName>System.Diagnostics.Tracing</ModuleName>
      <Classes />
    </Module>
    <Module skippedDueTo="Filter" hash="F1-84-33-57-C5-71-97-39-3F-4A-A4-AA-E7-FE-F9-94-F2-81-8B-7B">
      <ModulePath>C:\Program Files\dotnet\shared\Microsoft.NETCore.App\1.1.1\System.Private.Uri.dll</ModulePath>
      <ModuleTime>2017-02-10T04:37:14Z</ModuleTime>
      <ModuleName>System.Private.Uri</ModuleName>
      <Classes />
    </Module>
    <Module skippedDueTo="Filter" hash="FB-49-42-3C-EF-9B-B3-50-37-7F-7E-2F-DC-B2-98-42-2A-E2-FB-C1">
      <ModulePath>C:\Program Files\dotnet\sdk\1.0.0\Microsoft.Build.Utilities.Core.dll</ModulePath>
      <ModuleTime>2017-02-25T03:12:00Z</ModuleTime>
      <ModuleName>Microsoft.Build.Utilities.Core</ModuleName>
      <Classes />
    </Module>
    <Module skippedDueTo="Filter" hash="13-FE-F9-EE-7B-65-6A-39-7F-50-E9-A9-CE-94-79-05-33-A2-6E-43">
      <ModulePath>C:\Program Files\dotnet\sdk\1.0.0\Microsoft.Build.Framework.dll</ModulePath>
      <ModuleTime>2017-02-25T03:12:00Z</ModuleTime>
      <ModuleName>Microsoft.Build.Framework</ModuleName>
      <Classes />
    </Module>
    <Module skippedDueTo="Filter" hash="21-84-55-22-AD-E8-35-6E-DE-88-61-95-09-04-ED-DD-01-91-BE-93">
      <ModulePath>C:\Program Files\dotnet\shared\Microsoft.NETCore.App\1.1.1\System.AppContext.dll</ModulePath>
      <ModuleTime>2017-02-10T04:37:18Z</ModuleTime>
      <ModuleName>System.AppContext</ModuleName>
      <Classes />
    </Module>
    <Module skippedDueTo="Filter" hash="23-C6-82-D9-0B-F8-1C-68-1A-88-B2-B6-FD-01-21-69-E5-EA-E5-97">
      <ModulePath>C:\Program Files\dotnet\shared\Microsoft.NETCore.App\1.1.1\System.Diagnostics.Tools.dll</ModulePath>
      <ModuleTime>2017-02-10T04:37:02Z</ModuleTime>
      <ModuleName>System.Diagnostics.Tools</ModuleName>
      <Classes />
    </Module>
    <Module skippedDueTo="Filter" hash="04-7D-5C-C6-C3-11-D8-F7-A7-7B-84-9E-EF-FF-50-78-5E-47-DF-60">
      <ModulePath>C:\Program Files\dotnet\shared\Microsoft.NETCore.App\1.1.1\System.Private.CoreLib.ni.dll</ModulePath>
      <ModuleTime>2017-02-10T04:37:52Z</ModuleTime>
      <ModuleName>System.Private.CoreLib</ModuleName>
      <Classes />
    </Module>
    <Module skippedDueTo="Filter" hash="EB-7E-F7-DE-76-CB-9B-59-53-82-A2-9A-F9-9A-56-61-53-18-A2-20">
      <ModulePath>C:\Program Files\dotnet\shared\Microsoft.NETCore.App\1.1.1\System.Diagnostics.Debug.dll</ModulePath>
      <ModuleTime>2017-02-10T04:37:14Z</ModuleTime>
      <ModuleName>System.Diagnostics.Debug</ModuleName>
      <Classes />
    </Module>
    <Module skippedDueTo="Filter" hash="F2-D2-8E-EC-9D-11-91-16-83-2D-30-5E-D1-40-48-33-15-90-40-B8">
      <ModulePath>C:\Program Files\dotnet\shared\Microsoft.NETCore.App\1.1.1\System.IO.Compression.dll</ModulePath>
      <ModuleTime>2017-02-10T04:37:22Z</ModuleTime>
      <ModuleName>System.IO.Compression</ModuleName>
      <Classes />
    </Module>
    <Module skippedDueTo="Filter" hash="FF-1A-CC-A8-BB-0E-D2-C1-12-24-01-88-98-ED-F4-2C-56-7C-35-32">
      <ModulePath>C:\Program Files\dotnet\shared\Microsoft.NETCore.App\1.1.1\System.Text.Encoding.Extensions.dll</ModulePath>
      <ModuleTime>2017-02-10T04:37:22Z</ModuleTime>
      <ModuleName>System.Text.Encoding.Extensions</ModuleName>
      <Classes />
    </Module>
    <Module skippedDueTo="Filter" hash="93-C0-9C-3B-E7-8B-F2-CC-D4-25-12-88-5E-C4-E7-A1-9A-56-54-A7">
      <ModulePath>C:\Program Files\dotnet\sdk\1.0.0\MSBuild.dll</ModulePath>
      <ModuleTime>2017-02-25T03:12:06Z</ModuleTime>
      <ModuleName>MSBuild</ModuleName>
      <Classes />
    </Module>
    <Module skippedDueTo="Filter" hash="F1-50-99-8F-96-03-53-60-56-BB-33-F9-8F-0A-F4-12-C2-6B-2B-2B">
      <ModulePath>C:\Program Files\dotnet\shared\Microsoft.NETCore.App\1.1.1\System.Runtime.dll</ModulePath>
      <ModuleTime>2017-02-10T04:37:22Z</ModuleTime>
      <ModuleName>System.Runtime</ModuleName>
      <Classes />
    </Module>
    <Module skippedDueTo="Filter" hash="4F-57-B1-DA-12-6E-E4-14-D0-F4-E3-6B-40-B0-6B-0B-E4-2C-29-33">
      <ModulePath>C:\Program Files\dotnet\shared\Microsoft.NETCore.App\1.1.1\mscorlib.dll</ModulePath>
      <ModuleTime>2017-02-09T10:11:22Z</ModuleTime>
      <ModuleName>mscorlib</ModuleName>
      <Classes />
    </Module>
    <Module skippedDueTo="Filter" hash="F9-14-54-02-CA-B5-AF-BC-4F-38-1D-43-F9-AF-3F-0B-B1-16-49-5F">
      <ModulePath>C:\Program Files\dotnet\shared\Microsoft.NETCore.App\1.1.1\System.Threading.dll</ModulePath>
      <ModuleTime>2017-02-10T04:37:26Z</ModuleTime>
      <ModuleName>System.Threading</ModuleName>
      <Classes />
    </Module>
    <Module skippedDueTo="Filter" hash="87-C2-BC-EE-DD-8B-0E-07-0C-4A-CC-8E-5B-C2-11-BC-49-8A-3F-18">
      <ModulePath>C:\Program Files\dotnet\shared\Microsoft.NETCore.App\1.1.1\System.Reflection.dll</ModulePath>
      <ModuleTime>2017-02-10T04:37:28Z</ModuleTime>
      <ModuleName>System.Reflection</ModuleName>
      <Classes />
    </Module>
    <Module skippedDueTo="Filter" hash="AA-01-6A-A1-89-52-1C-12-39-45-4C-7B-AE-B8-0E-A5-A4-52-E5-3F">
      <ModulePath>C:\Program Files\dotnet\shared\Microsoft.NETCore.App\1.1.1\System.Reflection.TypeExtensions.dll</ModulePath>
      <ModuleTime>2017-02-10T04:37:34Z</ModuleTime>
      <ModuleName>System.Reflection.TypeExtensions</ModuleName>
      <Classes />
    </Module>
    <Module skippedDueTo="Filter" hash="E5-A9-BA-F0-25-C3-6C-B0-B4-C1-08-0F-FE-66-5A-AF-B7-54-07-92">
      <ModulePath>C:\Program Files\dotnet\shared\Microsoft.NETCore.App\1.1.1\System.Net.Http.dll</ModulePath>
      <ModuleTime>2017-02-10T04:37:16Z</ModuleTime>
      <ModuleName>System.Net.Http</ModuleName>
      <Classes />
    </Module>
    <Module skippedDueTo="Filter" hash="B2-CD-1D-D6-15-7F-5B-87-A0-24-38-34-E3-72-E8-92-1D-49-C2-B4">
      <ModulePath>C:\Program Files\dotnet\shared\Microsoft.NETCore.App\1.1.1\System.Net.Primitives.dll</ModulePath>
      <ModuleTime>2017-02-10T04:37:16Z</ModuleTime>
      <ModuleName>System.Net.Primitives</ModuleName>
      <Classes />
    </Module>
    <Module skippedDueTo="Filter" hash="9C-45-8A-84-D0-B9-4F-2D-60-70-54-AE-EA-CD-3E-8C-66-40-F9-66">
      <ModulePath>C:\Program Files\dotnet\shared\Microsoft.NETCore.App\1.1.1\System.Diagnostics.DiagnosticSource.dll</ModulePath>
      <ModuleTime>2017-02-10T04:37:22Z</ModuleTime>
      <ModuleName>System.Diagnostics.DiagnosticSource</ModuleName>
      <Classes />
    </Module>
    <Module skippedDueTo="Filter" hash="BB-93-24-9D-C8-02-FF-25-B5-F7-3B-AF-F3-13-A2-EE-33-27-7A-11">
      <ModulePath>C:\Program Files\dotnet\shared\Microsoft.NETCore.App\1.1.1\System.Security.Cryptography.X509Certificates.dll</ModulePath>
      <ModuleTime>2017-02-10T04:37:14Z</ModuleTime>
      <ModuleName>System.Security.Cryptography.X509Certificates</ModuleName>
      <Classes />
    </Module>
    <Module skippedDueTo="Filter" hash="C8-A8-E9-BF-B2-71-33-30-7F-C0-1E-C4-1B-FB-89-95-FC-BD-63-59">
      <ModulePath>C:\Program Files\dotnet\shared\Microsoft.NETCore.App\1.1.1\System.Runtime.Extensions.dll</ModulePath>
      <ModuleTime>2017-02-10T04:37:30Z</ModuleTime>
      <ModuleName>System.Runtime.Extensions</ModuleName>
      <Classes />
    </Module>
    <Module skippedDueTo="Filter" hash="DF-12-DE-C2-6F-C6-21-47-CB-C7-6B-67-B8-C4-A2-90-A2-9B-51-D8">
      <ModulePath>C:\Program Files\dotnet\shared\Microsoft.NETCore.App\1.1.1\System.Diagnostics.Process.dll</ModulePath>
      <ModuleTime>2017-02-10T04:37:14Z</ModuleTime>
      <ModuleName>System.Diagnostics.Process</ModuleName>
      <Classes />
    </Module>
    <Module skippedDueTo="Filter" hash="32-63-E6-06-7B-79-A4-86-DB-05-C9-58-44-0B-43-66-35-5E-09-D1">
      <ModulePath>C:\Program Files\dotnet\shared\Microsoft.NETCore.App\1.1.1\System.Runtime.InteropServices.dll</ModulePath>
      <ModuleTime>2017-02-10T04:37:14Z</ModuleTime>
      <ModuleName>System.Runtime.InteropServices</ModuleName>
      <Classes />
    </Module>
    <Module skippedDueTo="Filter" hash="AA-84-5B-28-2E-F2-96-18-9B-A2-48-45-26-BF-08-BE-51-81-C7-AE">
      <ModulePath>C:\Program Files\dotnet\shared\Microsoft.NETCore.App\1.1.1\System.Runtime.Handles.dll</ModulePath>
      <ModuleTime>2017-02-10T04:37:28Z</ModuleTime>
      <ModuleName>System.Runtime.Handles</ModuleName>
      <Classes />
    </Module>
    <Module skippedDueTo="Filter" hash="2C-1E-1E-95-53-33-D8-74-6B-8E-AF-3C-61-95-B8-EC-A6-46-54-1E">
      <ModulePath>C:\Program Files\dotnet\shared\Microsoft.NETCore.App\1.1.1\System.Collections.dll</ModulePath>
      <ModuleTime>2017-02-10T04:37:10Z</ModuleTime>
      <ModuleName>System.Collections</ModuleName>
      <Classes />
    </Module>
    <Module skippedDueTo="Filter" hash="15-C1-41-18-C8-E4-89-59-A0-09-9F-98-5F-88-93-94-3A-F4-0F-5F">
      <ModulePath>C:\Program Files\dotnet\shared\Microsoft.NETCore.App\1.1.1\System.Linq.dll</ModulePath>
      <ModuleTime>2017-02-10T04:37:12Z</ModuleTime>
      <ModuleName>System.Linq</ModuleName>
      <Classes />
    </Module>
    <Module skippedDueTo="Filter" hash="76-58-64-70-63-64-F3-AB-3B-31-01-3D-36-48-E5-71-99-44-6B-DE">
      <ModulePath>C:\Program Files\dotnet\shared\Microsoft.NETCore.App\1.1.1\System.Runtime.InteropServices.RuntimeInformation.dll</ModulePath>
      <ModuleTime>2017-02-10T04:37:20Z</ModuleTime>
      <ModuleName>System.Runtime.InteropServices.RuntimeInformation</ModuleName>
      <Classes />
    </Module>
    <Module skippedDueTo="Filter" hash="A8-28-75-19-63-D9-35-C7-F4-FE-95-71-A6-72-7C-00-2B-E3-5D-13">
      <ModulePath>C:\Program Files\dotnet\shared\Microsoft.NETCore.App\1.1.1\System.Text.RegularExpressions.dll</ModulePath>
      <ModuleTime>2017-02-10T04:37:22Z</ModuleTime>
      <ModuleName>System.Text.RegularExpressions</ModuleName>
      <Classes />
    </Module>
    <Module skippedDueTo="Filter" hash="BD-3F-16-31-E8-FA-5B-3F-7D-54-9F-68-E4-97-0E-88-C5-52-63-03">
      <ModulePath>C:\Program Files\dotnet\shared\Microsoft.NETCore.App\1.1.1\System.IO.FileSystem.dll</ModulePath>
      <ModuleTime>2017-02-10T04:37:20Z</ModuleTime>
      <ModuleName>System.IO.FileSystem</ModuleName>
      <Classes />
    </Module>
    <Module skippedDueTo="Filter" hash="BF-B2-E8-F0-13-43-69-C4-4B-79-5C-73-1A-E7-BB-D2-BA-9A-38-6C">
      <ModulePath>C:\Program Files\dotnet\shared\Microsoft.NETCore.App\1.1.1\System.IO.FileSystem.Primitives.dll</ModulePath>
      <ModuleTime>2017-02-10T04:37:18Z</ModuleTime>
      <ModuleName>System.IO.FileSystem.Primitives</ModuleName>
      <Classes />
    </Module>
    <Module skippedDueTo="Filter" hash="AB-8D-3C-56-B3-67-8F-A0-6C-7A-A1-FA-C2-8D-50-1C-CD-59-ED-E7">
      <ModulePath>C:\Program Files\dotnet\shared\Microsoft.NETCore.App\1.1.1\System.Globalization.dll</ModulePath>
      <ModuleTime>2017-02-10T04:37:02Z</ModuleTime>
      <ModuleName>System.Globalization</ModuleName>
      <Classes />
    </Module>
    <Module skippedDueTo="Filter" hash="13-FE-F9-EE-7B-65-6A-39-7F-50-E9-A9-CE-94-79-05-33-A2-6E-43">
      <ModulePath>C:\Program Files\dotnet\sdk\1.0.0\Microsoft.Build.Framework.dll</ModulePath>
      <ModuleTime>2017-02-25T03:12:00Z</ModuleTime>
      <ModuleName>Microsoft.Build.Framework</ModuleName>
      <Classes />
    </Module>
    <Module skippedDueTo="Filter" hash="43-D8-79-96-86-69-AA-77-DC-38-75-7D-53-4E-D7-85-14-07-E8-2C">
      <ModulePath>C:\Program Files\dotnet\shared\Microsoft.NETCore.App\1.1.1\System.Console.dll</ModulePath>
      <ModuleTime>2017-02-10T04:37:16Z</ModuleTime>
      <ModuleName>System.Console</ModuleName>
      <Classes />
    </Module>
    <Module skippedDueTo="Filter" hash="C8-47-2D-DB-A7-E0-A9-4F-02-2E-65-C1-E9-3D-36-DF-6C-63-FC-3E">
      <ModulePath>C:\Program Files\dotnet\sdk\1.0.0\System.Collections.NonGeneric.dll</ModulePath>
      <ModuleTime>2017-02-25T03:12:08Z</ModuleTime>
      <ModuleName>System.Collections.NonGeneric</ModuleName>
      <Classes />
    </Module>
    <Module skippedDueTo="Filter" hash="50-99-92-31-98-49-65-DA-B6-64-F1-F2-37-16-E8-96-9E-48-41-16">
      <ModulePath>C:\Program Files\dotnet\sdk\1.0.0\Microsoft.Build.dll</ModulePath>
      <ModuleTime>2017-02-25T03:12:02Z</ModuleTime>
      <ModuleName>Microsoft.Build</ModuleName>
      <Classes />
    </Module>
    <Module skippedDueTo="Filter" hash="36-8E-C6-B7-20-CB-EC-EC-39-0B-DA-12-20-31-C7-6A-CB-C5-5B-56">
      <ModulePath>C:\Program Files\dotnet\shared\Microsoft.NETCore.App\1.1.1\System.Collections.Concurrent.dll</ModulePath>
      <ModuleTime>2017-02-10T04:37:02Z</ModuleTime>
      <ModuleName>System.Collections.Concurrent</ModuleName>
      <Classes />
    </Module>
    <Module skippedDueTo="Filter" hash="EB-38-40-A2-4E-A2-20-C1-4E-EE-7F-08-09-BD-98-0A-B5-A3-67-2B">
      <ModulePath>C:\Program Files\dotnet\sdk\1.0.0\dotnet.dll</ModulePath>
      <ModuleTime>2017-02-25T03:12:00Z</ModuleTime>
      <ModuleName>dotnet</ModuleName>
      <Classes />
    </Module>
    <Module skippedDueTo="Filter" hash="FB-49-42-3C-EF-9B-B3-50-37-7F-7E-2F-DC-B2-98-42-2A-E2-FB-C1">
      <ModulePath>C:\Program Files\dotnet\sdk\1.0.0\Microsoft.Build.Utilities.Core.dll</ModulePath>
      <ModuleTime>2017-02-25T03:12:00Z</ModuleTime>
      <ModuleName>Microsoft.Build.Utilities.Core</ModuleName>
      <Classes />
    </Module>
    <Module skippedDueTo="Filter" hash="D4-FE-29-D1-6F-69-C6-6F-D7-D2-1D-0D-41-03-70-23-0E-DE-C5-CB">
      <ModulePath>C:\Program Files\dotnet\sdk\1.0.0\Microsoft.DotNet.Cli.Utils.dll</ModulePath>
      <ModuleTime>2017-02-25T03:12:02Z</ModuleTime>
      <ModuleName>Microsoft.DotNet.Cli.Utils</ModuleName>
      <Classes />
    </Module>
    <Module skippedDueTo="Filter" hash="9A-89-A8-26-39-89-2D-9D-F1-BA-AF-10-24-E8-F2-67-00-A9-A9-23">
      <ModulePath>C:\Program Files\dotnet\sdk\1.0.0\NuGet.Frameworks.dll</ModulePath>
      <ModuleTime>2017-02-25T03:12:06Z</ModuleTime>
      <ModuleName>NuGet.Frameworks</ModuleName>
      <Classes />
    </Module>
    <Module skippedDueTo="Filter" hash="95-67-9C-94-81-13-6D-22-92-3A-65-A6-19-55-82-2C-B0-F5-9D-62">
      <ModulePath>C:\Program Files\dotnet\shared\Microsoft.NETCore.App\1.1.1\System.Reflection.Extensions.dll</ModulePath>
      <ModuleTime>2017-02-10T04:37:16Z</ModuleTime>
      <ModuleName>System.Reflection.Extensions</ModuleName>
      <Classes />
    </Module>
    <Module skippedDueTo="Filter" hash="85-A8-51-B2-88-5C-56-EF-A3-B6-6E-74-5E-5E-22-62-52-48-DE-56">
      <ModulePath>C:\Program Files\dotnet\sdk\1.0.0\Microsoft.DotNet.Configurer.dll</ModulePath>
      <ModuleTime>2017-02-25T03:12:02Z</ModuleTime>
      <ModuleName>Microsoft.DotNet.Configurer</ModuleName>
      <Classes />
    </Module>
    <Module skippedDueTo="Filter" hash="EF-D2-BA-54-C1-B2-3B-14-25-1B-B1-4D-95-90-CB-2F-2C-1D-57-05">
      <ModulePath>C:\Program Files\dotnet\sdk\1.0.0\Microsoft.DotNet.InternalAbstractions.dll</ModulePath>
      <ModuleTime>2017-02-25T03:12:02Z</ModuleTime>
      <ModuleName>Microsoft.DotNet.InternalAbstractions</ModuleName>
      <Classes />
    </Module>
    <Module skippedDueTo="Filter" hash="BD-D2-9A-ED-40-76-3F-D3-69-77-5D-51-15-57-0B-5A-D3-BD-01-97">
      <ModulePath>C:\Program Files\dotnet\sdk\1.0.0\NuGet.Configuration.dll</ModulePath>
      <ModuleTime>2017-02-25T03:12:06Z</ModuleTime>
      <ModuleName>NuGet.Configuration</ModuleName>
      <Classes />
    </Module>
    <Module skippedDueTo="Filter" hash="F9-19-27-A9-29-73-AF-BF-AE-00-42-15-2C-A8-12-41-9D-94-3E-80">
      <ModulePath>C:\Program Files\dotnet\sdk\1.0.0\NuGet.Common.dll</ModulePath>
      <ModuleTime>2017-02-25T03:12:06Z</ModuleTime>
      <ModuleName>NuGet.Common</ModuleName>
      <Classes />
    </Module>
    <Module skippedDueTo="Filter" hash="68-6F-BC-3F-8F-BD-2B-BC-78-CA-73-7F-E4-C6-B0-D3-52-DC-0D-A2">
      <ModulePath>C:\Program Files\dotnet\shared\Microsoft.NETCore.App\1.1.1\System.IO.dll</ModulePath>
      <ModuleTime>2017-02-10T04:37:28Z</ModuleTime>
      <ModuleName>System.IO</ModuleName>
      <Classes />
    </Module>
    <Module skippedDueTo="Filter" hash="F6-FC-F8-81-D4-06-82-2D-85-A8-59-21-7D-6D-4D-55-5B-A9-87-80">
      <ModulePath>C:\Program Files\dotnet\shared\Microsoft.NETCore.App\1.1.1\System.Threading.Tasks.dll</ModulePath>
      <ModuleTime>2017-02-10T04:37:28Z</ModuleTime>
      <ModuleName>System.Threading.Tasks</ModuleName>
      <Classes />
    </Module>
    <Module skippedDueTo="Filter" hash="A3-21-80-4F-25-22-6A-D2-1C-D8-C8-AA-3B-8C-46-7A-96-34-B3-ED">
      <ModulePath>C:\Program Files\dotnet\shared\Microsoft.NETCore.App\1.1.1\System.Text.Encoding.dll</ModulePath>
      <ModuleTime>2017-02-10T04:37:30Z</ModuleTime>
      <ModuleName>System.Text.Encoding</ModuleName>
      <Classes />
    </Module>
    <Module skippedDueTo="Filter" hash="FF-1A-CC-A8-BB-0E-D2-C1-12-24-01-88-98-ED-F4-2C-56-7C-35-32">
      <ModulePath>C:\Program Files\dotnet\shared\Microsoft.NETCore.App\1.1.1\System.Text.Encoding.Extensions.dll</ModulePath>
      <ModuleTime>2017-02-10T04:37:22Z</ModuleTime>
      <ModuleName>System.Text.Encoding.Extensions</ModuleName>
      <Classes />
    </Module>
    <Module skippedDueTo="Filter" hash="5B-32-45-C9-65-92-52-4F-D0-80-59-9D-39-25-AE-05-B2-FA-0D-0D">
      <ModulePath>C:\Program Files\dotnet\sdk\1.0.0\Microsoft.DotNet.PlatformAbstractions.dll</ModulePath>
      <ModuleTime>2017-02-25T03:12:02Z</ModuleTime>
      <ModuleName>Microsoft.DotNet.PlatformAbstractions</ModuleName>
      <Classes />
    </Module>
    <Module skippedDueTo="Filter" hash="AB-8D-ED-9A-67-AD-C1-49-AC-45-E6-FE-52-68-17-A3-81-6F-9B-A7">
      <ModulePath>C:\Program Files\dotnet\sdk\1.0.0\Microsoft.ApplicationInsights.dll</ModulePath>
      <ModuleTime>2017-02-25T03:12:00Z</ModuleTime>
      <ModuleName>Microsoft.ApplicationInsights</ModuleName>
      <Classes />
    </Module>
    <Module skippedDueTo="Filter" hash="46-E9-0D-A8-BE-24-FD-7E-2E-7F-FF-7E-8B-22-B0-B5-63-A3-44-79">
      <ModulePath>C:\Program Files\dotnet\shared\Microsoft.NETCore.App\1.1.1\System.Xml.XDocument.dll</ModulePath>
      <ModuleTime>2017-02-10T04:37:18Z</ModuleTime>
      <ModuleName>System.Xml.XDocument</ModuleName>
      <Classes />
    </Module>
    <Module skippedDueTo="Filter" hash="3E-66-16-64-26-3C-87-1E-74-15-0C-FF-2D-4C-EF-E3-CB-8D-D1-06">
      <ModulePath>C:\Program Files\dotnet\shared\Microsoft.NETCore.App\1.1.1\System.Diagnostics.Tracing.dll</ModulePath>
      <ModuleTime>2017-02-10T04:37:04Z</ModuleTime>
      <ModuleName>System.Diagnostics.Tracing</ModuleName>
      <Classes />
    </Module>
    <Module skippedDueTo="Filter" hash="F1-84-33-57-C5-71-97-39-3F-4A-A4-AA-E7-FE-F9-94-F2-81-8B-7B">
      <ModulePath>C:\Program Files\dotnet\shared\Microsoft.NETCore.App\1.1.1\System.Private.Uri.dll</ModulePath>
      <ModuleTime>2017-02-10T04:37:14Z</ModuleTime>
      <ModuleName>System.Private.Uri</ModuleName>
      <Classes />
    </Module>
    <Module skippedDueTo="Filter" hash="53-E0-AD-C3-4A-45-93-B3-A3-30-66-19-CF-BA-DC-2C-DF-9A-0D-D2">
      <ModulePath>C:\Program Files\dotnet\shared\Microsoft.NETCore.App\1.1.1\System.Threading.Tasks.Dataflow.dll</ModulePath>
      <ModuleTime>2017-02-10T04:37:12Z</ModuleTime>
      <ModuleName>System.Threading.Tasks.Dataflow</ModuleName>
      <Classes />
    </Module>
    <Module skippedDueTo="Filter" hash="DC-18-EE-40-A1-87-4C-20-70-ED-06-47-6B-D2-9D-61-33-AE-BC-70">
      <ModulePath>C:\Program Files\dotnet\shared\Microsoft.NETCore.App\1.1.1\System.Resources.ResourceManager.dll</ModulePath>
      <ModuleTime>2017-02-10T04:37:24Z</ModuleTime>
      <ModuleName>System.Resources.ResourceManager</ModuleName>
      <Classes />
    </Module>
    <Module skippedDueTo="Filter" hash="E2-E7-9C-E1-3A-FD-B3-19-15-3B-5F-D5-49-B8-E0-0C-73-10-91-82">
      <ModulePath>C:\Program Files\dotnet\shared\Microsoft.NETCore.App\1.1.1\System.ObjectModel.dll</ModulePath>
      <ModuleTime>2017-02-10T04:37:16Z</ModuleTime>
      <ModuleName>System.ObjectModel</ModuleName>
      <Classes />
    </Module>
    <Module skippedDueTo="Filter" hash="08-D3-E6-62-C3-C9-E4-EF-2C-38-38-AD-F2-BA-C8-30-CE-4F-6F-D5">
      <ModulePath>C:\Program Files\dotnet\shared\Microsoft.NETCore.App\1.1.1\System.Threading.Thread.dll</ModulePath>
      <ModuleTime>2017-02-10T04:37:16Z</ModuleTime>
      <ModuleName>System.Threading.Thread</ModuleName>
      <Classes />
    </Module>
    <Module skippedDueTo="Filter" hash="8D-73-E9-E4-8C-4C-0F-42-11-F8-2C-CE-62-DD-3C-7C-59-60-A6-35">
      <ModulePath>C:\Program Files\dotnet\shared\Microsoft.NETCore.App\1.1.1\System.Xml.ReaderWriter.dll</ModulePath>
      <ModuleTime>2017-02-10T04:37:30Z</ModuleTime>
      <ModuleName>System.Xml.ReaderWriter</ModuleName>
      <Classes />
    </Module>
    <Module skippedDueTo="Filter" hash="28-61-D0-02-FC-FC-21-ED-AC-1D-F5-DB-C3-96-38-3E-E8-2E-65-E8">
      <ModulePath>C:\Program Files\dotnet\sdk\1.0.0\System.Xml.XmlDocument.dll</ModulePath>
      <ModuleTime>2017-02-25T03:12:10Z</ModuleTime>
      <ModuleName>System.Xml.XmlDocument</ModuleName>
      <Classes />
    </Module>
    <Module skippedDueTo="Filter" hash="EF-60-55-BB-01-0A-06-1A-10-43-26-6D-9D-82-09-60-C8-6A-30-C4">
      <ModulePath>C:\Program Files\dotnet\shared\Microsoft.NETCore.App\1.1.1\System.Reflection.Primitives.dll</ModulePath>
      <ModuleTime>2017-02-10T04:37:28Z</ModuleTime>
      <ModuleName>System.Reflection.Primitives</ModuleName>
      <Classes />
    </Module>
  </Modules>
</CoverageSession>